[DEBUG][Qt] 12.03.2017 20:51:18 [] (unknown:0) - Session start time .......: 2017-03-12 20:51:18
[DEBUG][Qt] 12.03.2017 20:51:18 [] (unknown:0) - Slicer version ...........: 4.7.0-2017-01-06 (revision 25633) macosx-amd64 - installed
[DEBUG][Qt] 12.03.2017 20:51:18 [] (unknown:0) - Operating system .........: Mac OS X / 10.12.3 / 16D32 - 64-bit
[DEBUG][Qt] 12.03.2017 20:51:18 [] (unknown:0) - Memory ...................: 8192 MB physical, 1024 MB virtual
[DEBUG][Qt] 12.03.2017 20:51:18 [] (unknown:0) - CPU ......................: GenuineIntel Intel(R) Core(TM) i7-5557U CPU @ 3.10GHz, 2 cores, 4 logical processors
[DEBUG][Qt] 12.03.2017 20:51:18 [] (unknown:0) - Developer mode enabled ...: yes
[DEBUG][Qt] 12.03.2017 20:51:18 [] (unknown:0) - Prefer executable CLI ....: yes
[DEBUG][Qt] 12.03.2017 20:51:18 [] (unknown:0) - Additional module paths ..: /Applications/Slicer.app/Contents/Extensions-25633/Sequences/lib/Slicer-4.7/qt-loadable-modules, /Applications/Slicer.app/Contents/Extensions-25633/SlicerIGT/lib/Slicer-4.7/qt-loadable-modules, /Applications/Slicer.app/Contents/Extensions-25633/SlicerIGT/lib/Slicer-4.7/qt-scripted-modules, /Applications/Slicer.app/Contents/Extensions-25633/DebuggingTools/lib/Slicer-4.7/qt-scripted-modules, /Users/Mareena/Documents/2016-2017/Winter 2017/CISC 472/Homework/mareenaExtension/mareenaModule, /Users/Mareena/Documents/texture_based_segmentation/textureBasedSegmentation
[DEBUG][Qt] 12.03.2017 20:51:22 [] (unknown:0) - Number of registered modules: 166
[DEBUG][Qt] 12.03.2017 20:51:22 [] (unknown:0) - Number of instantiated modules: 166
[WARNING][Qt] 12.03.2017 20:51:23 [] (unknown:0) - When loading module  "CLIEventTest" , the dependency "CLI4Test" failed to be loaded.
[INFO][Stream] 12.03.2017 20:51:27 [] (unknown:0) - Initializing terminology mapping for map file /Applications/Slicer.app/Contents/share/Slicer-4.7/ColorFiles/Terminology//GenericAnatomyColors-SNOMED.csv
[INFO][Stream] 12.03.2017 20:51:27 [] (unknown:0) - 288 terms were read for Slicer LUT GenericAnatomyColors
[INFO][VTK] 12.03.2017 20:51:28 [vtkSlicerTerminologiesModuleLogic (0x600002086db0)] (/Users/kitware/Dashboards/Nightly/Slicer-0/Modules/Loadable/Terminologies/Logic/vtkSlicerTerminologiesModuleLogic.cxx:893) - Terminology named 'Segmentation category and type - 3D Slicer General Anatomy list' successfully loaded from file /Applications/Slicer.app/Contents/share/Slicer-4.7/qt-loadable-modules/Terminologies/SegmentationCategoryTypeModifier-SlicerGeneralAnatomy.json
[INFO][VTK] 12.03.2017 20:51:28 [vtkSlicerTerminologiesModuleLogic (0x600002086db0)] (/Users/kitware/Dashboards/Nightly/Slicer-0/Modules/Loadable/Terminologies/Logic/vtkSlicerTerminologiesModuleLogic.cxx:893) - Terminology named 'Segmentation category and type - DICOM master list' successfully loaded from file /Applications/Slicer.app/Contents/share/Slicer-4.7/qt-loadable-modules/Terminologies/SegmentationCategoryTypeModifier-DICOM-Master.json
[INFO][VTK] 12.03.2017 20:51:28 [vtkSlicerTerminologiesModuleLogic (0x600002086db0)] (/Users/kitware/Dashboards/Nightly/Slicer-0/Modules/Loadable/Terminologies/Logic/vtkSlicerTerminologiesModuleLogic.cxx:968) - Anatomic context named 'Anatomic codes - DICOM master list' successfully loaded from file /Applications/Slicer.app/Contents/share/Slicer-4.7/qt-loadable-modules/Terminologies/AnatomicRegionModifier-Master.json
[WARNING][Qt] 12.03.2017 20:51:28 [] (unknown:0) - When loading module  "TwoCLIsInARowTest" , the dependency "CLI4Test" failed to be loaded.
[WARNING][Qt] 12.03.2017 20:51:28 [] (unknown:0) - When loading module  "TwoCLIsInParallelTest" , the dependency "CLI4Test" failed to be loaded.
[DEBUG][Qt] 12.03.2017 20:51:28 [] (unknown:0) - Number of loaded modules: 163
[DEBUG][Qt] 12.03.2017 20:51:28 [] (unknown:0) - Switch to module:  "Welcome"
[DEBUG][Qt] 12.03.2017 20:51:38 [] (unknown:0) - Switch to module:  "textureBasedSegmentation"
[ERROR][Python] 12.03.2017 20:52:29 [Python] (/Applications/Slicer.app/Contents/bin/Python/slicer/util.py:817) - Reload and Test: Exception!

invalid syntax (textureBasedSegmentation.py, line 160)

See Python Console for Stack Trace
[CRITICAL][Stream] 12.03.2017 20:52:29 [] (unknown:0) - Traceback (most recent call last):
[CRITICAL][Stream] 12.03.2017 20:52:29 [] (unknown:0) -   File "/Applications/Slicer.app/Contents/bin/Python/slicer/ScriptedLoadableModule.py", line 150, in onReloadAndTest
[CRITICAL][Stream] 12.03.2017 20:52:29 [] (unknown:0) -     self.onReload()
[CRITICAL][Stream] 12.03.2017 20:52:29 [] (unknown:0) -   File "/Applications/Slicer.app/Contents/bin/Python/slicer/ScriptedLoadableModule.py", line 146, in onReload
[CRITICAL][Stream] 12.03.2017 20:52:29 [] (unknown:0) -     slicer.util.reloadScriptedModule(self.moduleName)
[CRITICAL][Stream] 12.03.2017 20:52:29 [] (unknown:0) -   File "/Applications/Slicer.app/Contents/bin/Python/slicer/util.py", line 509, in reloadScriptedModule
[CRITICAL][Stream] 12.03.2017 20:52:29 [] (unknown:0) -     moduleName, fp, filePath, ('.py', 'r', imp.PY_SOURCE))
[CRITICAL][Stream] 12.03.2017 20:52:29 [] (unknown:0) -   File "/Users/Mareena/Documents/texture_based_segmentation/textureBasedSegmentation/textureBasedSegmentation.py", line 160
[CRITICAL][Stream] 12.03.2017 20:52:29 [] (unknown:0) -     qMRMLNodeComboBox('Texture 2')
[CRITICAL][Stream] 12.03.2017 20:52:29 [] (unknown:0) -                     ^
[CRITICAL][Stream] 12.03.2017 20:52:29 [] (unknown:0) - SyntaxError: invalid syntax
[CRITICAL][Stream] 12.03.2017 20:52:29 [] (unknown:0) - Reload and Test: Exception!
[CRITICAL][Stream] 12.03.2017 20:52:29 [] (unknown:0) -
[CRITICAL][Stream] 12.03.2017 20:52:29 [] (unknown:0) - invalid syntax (textureBasedSegmentation.py, line 160)
[CRITICAL][Stream] 12.03.2017 20:52:29 [] (unknown:0) -
[CRITICAL][Stream] 12.03.2017 20:52:29 [] (unknown:0) - See Python Console for Stack Trace
[CRITICAL][FD] 12.03.2017 20:52:48 [] (unknown:0) - 2017-03-12 20:52:48.503 Slicer[22489:1242779] modalSession has been exited prematurely - check for a reentrant call to endModalSession:
[ERROR][Python] 12.03.2017 20:55:38 [Python] (/Applications/Slicer.app/Contents/bin/Python/slicer/util.py:817) - Reload and Test: Exception!

invalid syntax (textureBasedSegmentation.py, line 161)

See Python Console for Stack Trace
[CRITICAL][Stream] 12.03.2017 20:55:38 [] (unknown:0) - Traceback (most recent call last):
[CRITICAL][Stream] 12.03.2017 20:55:38 [] (unknown:0) -   File "/Applications/Slicer.app/Contents/bin/Python/slicer/ScriptedLoadableModule.py", line 150, in onReloadAndTest
[CRITICAL][Stream] 12.03.2017 20:55:38 [] (unknown:0) -     self.onReload()
[CRITICAL][Stream] 12.03.2017 20:55:38 [] (unknown:0) -   File "/Applications/Slicer.app/Contents/bin/Python/slicer/ScriptedLoadableModule.py", line 146, in onReload
[CRITICAL][Stream] 12.03.2017 20:55:38 [] (unknown:0) -     slicer.util.reloadScriptedModule(self.moduleName)
[CRITICAL][Stream] 12.03.2017 20:55:38 [] (unknown:0) -   File "/Applications/Slicer.app/Contents/bin/Python/slicer/util.py", line 509, in reloadScriptedModule
[CRITICAL][Stream] 12.03.2017 20:55:38 [] (unknown:0) -     moduleName, fp, filePath, ('.py', 'r', imp.PY_SOURCE))
[CRITICAL][Stream] 12.03.2017 20:55:38 [] (unknown:0) -   File "/Users/Mareena/Documents/texture_based_segmentation/textureBasedSegmentation/textureBasedSegmentation.py", line 161
[CRITICAL][Stream] 12.03.2017 20:55:38 [] (unknown:0) -     qMRMLNodeComboBox('Texture 2')
[CRITICAL][Stream] 12.03.2017 20:55:38 [] (unknown:0) -                     ^
[CRITICAL][Stream] 12.03.2017 20:55:38 [] (unknown:0) - SyntaxError: invalid syntax
[CRITICAL][Stream] 12.03.2017 20:55:38 [] (unknown:0) - Reload and Test: Exception!
[CRITICAL][Stream] 12.03.2017 20:55:38 [] (unknown:0) -
[CRITICAL][Stream] 12.03.2017 20:55:38 [] (unknown:0) - invalid syntax (textureBasedSegmentation.py, line 161)
[CRITICAL][Stream] 12.03.2017 20:55:38 [] (unknown:0) -
[CRITICAL][Stream] 12.03.2017 20:55:38 [] (unknown:0) - See Python Console for Stack Trace
[CRITICAL][FD] 12.03.2017 20:55:40 [] (unknown:0) - 2017-03-12 20:55:40.287 Slicer[22489:1242779] modalSession has been exited prematurely - check for a reentrant call to endModalSession:
[ERROR][Python] 12.03.2017 21:04:27 [Python] (/Applications/Slicer.app/Contents/bin/Python/slicer/util.py:817) - Reload and Test: Exception!

No module named PyQt4.QtCore

See Python Console for Stack Trace
[CRITICAL][Stream] 12.03.2017 21:04:27 [] (unknown:0) - Traceback (most recent call last):
[CRITICAL][Stream] 12.03.2017 21:04:27 [] (unknown:0) -   File "/Applications/Slicer.app/Contents/bin/Python/slicer/ScriptedLoadableModule.py", line 150, in onReloadAndTest
[CRITICAL][Stream] 12.03.2017 21:04:27 [] (unknown:0) -     self.onReload()
[CRITICAL][Stream] 12.03.2017 21:04:27 [] (unknown:0) -   File "/Applications/Slicer.app/Contents/bin/Python/slicer/ScriptedLoadableModule.py", line 146, in onReload
[CRITICAL][Stream] 12.03.2017 21:04:27 [] (unknown:0) -     slicer.util.reloadScriptedModule(self.moduleName)
[CRITICAL][Stream] 12.03.2017 21:04:27 [] (unknown:0) -   File "/Applications/Slicer.app/Contents/bin/Python/slicer/util.py", line 509, in reloadScriptedModule
[CRITICAL][Stream] 12.03.2017 21:04:27 [] (unknown:0) -     moduleName, fp, filePath, ('.py', 'r', imp.PY_SOURCE))
[CRITICAL][Stream] 12.03.2017 21:04:27 [] (unknown:0) -   File "/Users/Mareena/Documents/texture_based_segmentation/textureBasedSegmentation/textureBasedSegmentation.py", line 7, in <module>
[CRITICAL][Stream] 12.03.2017 21:04:27 [] (unknown:0) -     from PyQt4.QtCore import *
[CRITICAL][Stream] 12.03.2017 21:04:27 [] (unknown:0) - ImportError: No module named PyQt4.QtCore
[CRITICAL][Stream] 12.03.2017 21:04:27 [] (unknown:0) - Reload and Test: Exception!
[CRITICAL][Stream] 12.03.2017 21:04:27 [] (unknown:0) -
[CRITICAL][Stream] 12.03.2017 21:04:27 [] (unknown:0) - No module named PyQt4.QtCore
[CRITICAL][Stream] 12.03.2017 21:04:27 [] (unknown:0) -
[CRITICAL][Stream] 12.03.2017 21:04:27 [] (unknown:0) - See Python Console for Stack Trace
[CRITICAL][FD] 12.03.2017 21:04:33 [] (unknown:0) - 2017-03-12 21:04:33.234 Slicer[22489:1242779] modalSession has been exited prematurely - check for a reentrant call to endModalSession:
[INFO][Python] 12.03.2017 21:07:06 [Python] (/Applications/Slicer.app/Contents/bin/Python/slicer/util.py:776) - Starting the test
[INFO][Stream] 12.03.2017 21:07:06 [] (unknown:0) - Starting the test
[INFO][Python] 12.03.2017 21:07:07 [Python] (/Users/Mareena/Documents/texture_based_segmentation/textureBasedSegmentation/textureBasedSegmentation.py:360) - Requesting download FA.nrrd from http://slicer.kitware.com/midas3/download?items=5767...
[INFO][Python] 12.03.2017 21:07:08 [Python] (/Users/Mareena/Documents/texture_based_segmentation/textureBasedSegmentation/textureBasedSegmentation.py:363) - Loading FA.nrrd...
[INFO][Python] 12.03.2017 21:07:08 [Python] (/Applications/Slicer.app/Contents/bin/Python/slicer/util.py:776) - Finished with download and loading
[CRITICAL][FD] 12.03.2017 21:07:07 [] (unknown:0) - 2017-03-12 21:07:07.328 Slicer[22489:1242779] modalSession has been exited prematurely - check for a reentrant call to endModalSession:
[INFO][Stream] 12.03.2017 21:07:07 [] (unknown:0) - Requesting download FA.nrrd from http://slicer.kitware.com/midas3/download?items=5767...
[INFO][Stream] 12.03.2017 21:07:07 [] (unknown:0) -
[INFO][Stream] 12.03.2017 21:07:08 [] (unknown:0) - Loading FA.nrrd...
[INFO][VTK] 12.03.2017 21:07:08 [vtkMRMLVolumeArchetypeStorageNode (0x12a2f2310)] (/Users/kitware/Dashboards/Nightly/Slicer-0/Libs/MRML/Core/vtkMRMLVolumeArchetypeStorageNode.cxx:456) - Loaded volume from file: /Users/Mareena/Documents/texture_based_segmentation/textureBasedSegmentation/FA.nrrd. Dimensions: 256x256x51. Number of components: 1. Pixel type: float.
[DEBUG][Qt] 12.03.2017 21:07:08 [] (unknown:0) - "Volume" Reader has successfully read the file "/Users/Mareena/Documents/texture_based_segmentation/textureBasedSegmentation/FA.nrrd" "[0.14s]"
[INFO][Stream] 12.03.2017 21:07:08 [] (unknown:0) - Finished with download and loading
[ERROR][Python] 12.03.2017 21:07:09 [Python] (/Applications/Slicer.app/Contents/bin/Python/slicer/util.py:817) - Reload and Test: Exception!

textureBasedSegmentationLogic instance has no attribute 'hasImageData'

See Python Console for Stack Trace
[CRITICAL][FD] 12.03.2017 21:07:09 [] (unknown:0) - 2017-03-12 21:07:09.478 Slicer[22489:1242779] modalSession has been exited prematurely - check for a reentrant call to endModalSession:
[CRITICAL][Stream] 12.03.2017 21:07:09 [] (unknown:0) - Traceback (most recent call last):
[CRITICAL][Stream] 12.03.2017 21:07:09 [] (unknown:0) -   File "/Applications/Slicer.app/Contents/bin/Python/slicer/ScriptedLoadableModule.py", line 152, in onReloadAndTest
[CRITICAL][Stream] 12.03.2017 21:07:09 [] (unknown:0) -     test()
[CRITICAL][Stream] 12.03.2017 21:07:09 [] (unknown:0) -   File "/Applications/Slicer.app/Contents/bin/Python/slicer/ScriptedLoadableModule.py", line 65, in runTest
[CRITICAL][Stream] 12.03.2017 21:07:09 [] (unknown:0) -     testCase.runTest()
[CRITICAL][Stream] 12.03.2017 21:07:09 [] (unknown:0) -   File "/Users/Mareena/Documents/texture_based_segmentation/textureBasedSegmentation/textureBasedSegmentation.py", line 334, in runTest
[CRITICAL][Stream] 12.03.2017 21:07:09 [] (unknown:0) -     self.test_textureBasedSegmentation1()
[CRITICAL][Stream] 12.03.2017 21:07:09 [] (unknown:0) -   File "/Users/Mareena/Documents/texture_based_segmentation/textureBasedSegmentation/textureBasedSegmentation.py", line 369, in test_textureBasedSegmentation1
[CRITICAL][Stream] 12.03.2017 21:07:09 [] (unknown:0) -     self.assertIsNotNone( logic.hasImageData(volumeNode) )
[CRITICAL][Stream] 12.03.2017 21:07:09 [] (unknown:0) - AttributeError: textureBasedSegmentationLogic instance has no attribute 'hasImageData'
[CRITICAL][Stream] 12.03.2017 21:07:09 [] (unknown:0) - Reload and Test: Exception!
[CRITICAL][Stream] 12.03.2017 21:07:09 [] (unknown:0) -
[CRITICAL][Stream] 12.03.2017 21:07:09 [] (unknown:0) - textureBasedSegmentationLogic instance has no attribute 'hasImageData'
[CRITICAL][Stream] 12.03.2017 21:07:09 [] (unknown:0) -
[CRITICAL][Stream] 12.03.2017 21:07:09 [] (unknown:0) - See Python Console for Stack Trace
[CRITICAL][FD] 12.03.2017 21:07:16 [] (unknown:0) - 2017-03-12 21:07:16.166 Slicer[22489:1242779] modalSession has been exited prematurely - check for a reentrant call to endModalSession:
[CRITICAL][Stream] 12.03.2017 21:09:49 [] (unknown:0) - Traceback (most recent call last):
[CRITICAL][Stream] 12.03.2017 21:09:49 [] (unknown:0) -   File "/Applications/Slicer.app/Contents/bin/Python/slicer/ScriptedLoadableModule.py", line 146, in onReload
[CRITICAL][Stream] 12.03.2017 21:09:49 [] (unknown:0) -     slicer.util.reloadScriptedModule(self.moduleName)
[CRITICAL][Stream] 12.03.2017 21:09:49 [] (unknown:0) -   File "/Applications/Slicer.app/Contents/bin/Python/slicer/util.py", line 533, in reloadScriptedModule
[CRITICAL][Stream] 12.03.2017 21:09:49 [] (unknown:0) -     widget.setup()
[CRITICAL][Stream] 12.03.2017 21:09:49 [] (unknown:0) -   File "/Users/Mareena/Documents/texture_based_segmentation/textureBasedSegmentation/textureBasedSegmentation.py", line 170, in setup
[CRITICAL][Stream] 12.03.2017 21:09:49 [] (unknown:0) -     parametersFormLayout.addRow("Texture", "Select a Texture")
[CRITICAL][Stream] 12.03.2017 21:09:49 [] (unknown:0) - ValueError: Could not find matching overload for given arguments:
[CRITICAL][Stream] 12.03.2017 21:09:49 [] (unknown:0) - ('Texture', 'Select a Texture')
[CRITICAL][Stream] 12.03.2017 21:09:49 [] (unknown:0) -  The following slots are available:
[CRITICAL][Stream] 12.03.2017 21:09:49 [] (unknown:0) - addRow(QLayout layout)
[CRITICAL][Stream] 12.03.2017 21:09:49 [] (unknown:0) - addRow(QWidget label, QLayout field)
[CRITICAL][Stream] 12.03.2017 21:09:49 [] (unknown:0) - addRow(QWidget label, QWidget field)
[CRITICAL][Stream] 12.03.2017 21:09:49 [] (unknown:0) - addRow(QWidget widget)
[CRITICAL][Stream] 12.03.2017 21:09:49 [] (unknown:0) - addRow(QString labelText, QLayout field)
[CRITICAL][Stream] 12.03.2017 21:09:49 [] (unknown:0) - addRow(QString labelText, QWidget field)
[CRITICAL][Stream] 12.03.2017 21:09:49 [] (unknown:0) -
[CRITICAL][Stream] 12.03.2017 21:10:20 [] (unknown:0) - Traceback (most recent call last):
[CRITICAL][Stream] 12.03.2017 21:10:20 [] (unknown:0) -   File "/Applications/Slicer.app/Contents/bin/Python/slicer/ScriptedLoadableModule.py", line 146, in onReload
[CRITICAL][Stream] 12.03.2017 21:10:20 [] (unknown:0) -     slicer.util.reloadScriptedModule(self.moduleName)
[CRITICAL][Stream] 12.03.2017 21:10:20 [] (unknown:0) -   File "/Applications/Slicer.app/Contents/bin/Python/slicer/util.py", line 533, in reloadScriptedModule
[CRITICAL][Stream] 12.03.2017 21:10:20 [] (unknown:0) -     widget.setup()
[CRITICAL][Stream] 12.03.2017 21:10:20 [] (unknown:0) -   File "/Users/Mareena/Documents/texture_based_segmentation/textureBasedSegmentation/textureBasedSegmentation.py", line 165, in setup
[CRITICAL][Stream] 12.03.2017 21:10:20 [] (unknown:0) -     parametersFormLayout.addRow("Texture", "self.inputSelector")
[CRITICAL][Stream] 12.03.2017 21:10:20 [] (unknown:0) - ValueError: Could not find matching overload for given arguments:
[CRITICAL][Stream] 12.03.2017 21:10:20 [] (unknown:0) - ('Texture', 'self.inputSelector')
[CRITICAL][Stream] 12.03.2017 21:10:20 [] (unknown:0) -  The following slots are available:
[CRITICAL][Stream] 12.03.2017 21:10:20 [] (unknown:0) - addRow(QLayout layout)
[CRITICAL][Stream] 12.03.2017 21:10:20 [] (unknown:0) - addRow(QWidget label, QLayout field)
[CRITICAL][Stream] 12.03.2017 21:10:20 [] (unknown:0) - addRow(QWidget label, QWidget field)
[CRITICAL][Stream] 12.03.2017 21:10:20 [] (unknown:0) - addRow(QWidget widget)
[CRITICAL][Stream] 12.03.2017 21:10:20 [] (unknown:0) - addRow(QString labelText, QLayout field)
[CRITICAL][Stream] 12.03.2017 21:10:20 [] (unknown:0) - addRow(QString labelText, QWidget field)
[CRITICAL][Stream] 12.03.2017 21:10:20 [] (unknown:0) -
[CRITICAL][Stream] 12.03.2017 21:10:32 [] (unknown:0) - Traceback (most recent call last):
[CRITICAL][Stream] 12.03.2017 21:10:32 [] (unknown:0) -   File "/Applications/Slicer.app/Contents/bin/Python/slicer/ScriptedLoadableModule.py", line 146, in onReload
[CRITICAL][Stream] 12.03.2017 21:10:32 [] (unknown:0) -     slicer.util.reloadScriptedModule(self.moduleName)
[CRITICAL][Stream] 12.03.2017 21:10:32 [] (unknown:0) -   File "/Applications/Slicer.app/Contents/bin/Python/slicer/util.py", line 533, in reloadScriptedModule
[CRITICAL][Stream] 12.03.2017 21:10:32 [] (unknown:0) -     widget.setup()
[CRITICAL][Stream] 12.03.2017 21:10:32 [] (unknown:0) -   File "/Users/Mareena/Documents/texture_based_segmentation/textureBasedSegmentation/textureBasedSegmentation.py", line 170, in setup
[CRITICAL][Stream] 12.03.2017 21:10:32 [] (unknown:0) -     parametersFormLayout.addRow("Texture", "self.inputSelector")
[CRITICAL][Stream] 12.03.2017 21:10:32 [] (unknown:0) - ValueError: Could not find matching overload for given arguments:
[CRITICAL][Stream] 12.03.2017 21:10:32 [] (unknown:0) - ('Texture', 'self.inputSelector')
[CRITICAL][Stream] 12.03.2017 21:10:32 [] (unknown:0) -  The following slots are available:
[CRITICAL][Stream] 12.03.2017 21:10:32 [] (unknown:0) - addRow(QLayout layout)
[CRITICAL][Stream] 12.03.2017 21:10:32 [] (unknown:0) - addRow(QWidget label, QLayout field)
[CRITICAL][Stream] 12.03.2017 21:10:32 [] (unknown:0) - addRow(QWidget label, QWidget field)
[CRITICAL][Stream] 12.03.2017 21:10:32 [] (unknown:0) - addRow(QWidget widget)
[CRITICAL][Stream] 12.03.2017 21:10:32 [] (unknown:0) - addRow(QString labelText, QLayout field)
[CRITICAL][Stream] 12.03.2017 21:10:32 [] (unknown:0) - addRow(QString labelText, QWidget field)
[CRITICAL][Stream] 12.03.2017 21:10:32 [] (unknown:0) -
[CRITICAL][Stream] 12.03.2017 23:54:16 [] (unknown:0) - Traceback (most recent call last):
[CRITICAL][Stream] 12.03.2017 23:54:16 [] (unknown:0) -   File "/Applications/Slicer.app/Contents/bin/Python/slicer/ScriptedLoadableModule.py", line 146, in onReload
[CRITICAL][Stream] 12.03.2017 23:54:16 [] (unknown:0) -     slicer.util.reloadScriptedModule(self.moduleName)
[CRITICAL][Stream] 12.03.2017 23:54:16 [] (unknown:0) -   File "/Applications/Slicer.app/Contents/bin/Python/slicer/util.py", line 509, in reloadScriptedModule
[CRITICAL][Stream] 12.03.2017 23:54:16 [] (unknown:0) -     moduleName, fp, filePath, ('.py', 'r', imp.PY_SOURCE))
[CRITICAL][Stream] 12.03.2017 23:54:16 [] (unknown:0) -   File "/Users/Mareena/Documents/texture_based_segmentation/textureBasedSegmentation/textureBasedSegmentation.py", line 174
[CRITICAL][Stream] 12.03.2017 23:54:16 [] (unknown:0) -     qMRMLNodeComboBox.addWidget(self, icon, "TEST" userData = None)
[CRITICAL][Stream] 12.03.2017 23:54:16 [] (unknown:0) -                                                           ^
[CRITICAL][Stream] 12.03.2017 23:54:16 [] (unknown:0) - SyntaxError: invalid syntax
[CRITICAL][Stream] 13.03.2017 00:03:30 [] (unknown:0) - Traceback (most recent call last):
[CRITICAL][Stream] 13.03.2017 00:03:30 [] (unknown:0) -   File "/Applications/Slicer.app/Contents/bin/Python/slicer/ScriptedLoadableModule.py", line 146, in onReload
[CRITICAL][Stream] 13.03.2017 00:03:30 [] (unknown:0) -     slicer.util.reloadScriptedModule(self.moduleName)
[CRITICAL][Stream] 13.03.2017 00:03:30 [] (unknown:0) -   File "/Applications/Slicer.app/Contents/bin/Python/slicer/util.py", line 533, in reloadScriptedModule
[CRITICAL][Stream] 13.03.2017 00:03:30 [] (unknown:0) -     widget.setup()
[CRITICAL][Stream] 13.03.2017 00:03:30 [] (unknown:0) -   File "/Users/Mareena/Documents/texture_based_segmentation/textureBasedSegmentation/textureBasedSegmentation.py", line 172, in setup
[CRITICAL][Stream] 13.03.2017 00:03:30 [] (unknown:0) -     parametersFormLayout.addRow("Texture Selection:", "Texture")
[CRITICAL][Stream] 13.03.2017 00:03:30 [] (unknown:0) - ValueError: Could not find matching overload for given arguments:
[CRITICAL][Stream] 13.03.2017 00:03:30 [] (unknown:0) - ('Texture Selection:', 'Texture')
[CRITICAL][Stream] 13.03.2017 00:03:30 [] (unknown:0) -  The following slots are available:
[CRITICAL][Stream] 13.03.2017 00:03:30 [] (unknown:0) - addRow(QLayout layout)
[CRITICAL][Stream] 13.03.2017 00:03:30 [] (unknown:0) - addRow(QWidget label, QLayout field)
[CRITICAL][Stream] 13.03.2017 00:03:30 [] (unknown:0) - addRow(QWidget label, QWidget field)
[CRITICAL][Stream] 13.03.2017 00:03:30 [] (unknown:0) - addRow(QWidget widget)
[CRITICAL][Stream] 13.03.2017 00:03:30 [] (unknown:0) - addRow(QString labelText, QLayout field)
[CRITICAL][Stream] 13.03.2017 00:03:30 [] (unknown:0) - addRow(QString labelText, QWidget field)
[CRITICAL][Stream] 13.03.2017 00:03:30 [] (unknown:0) -
[CRITICAL][Stream] 13.03.2017 00:05:26 [] (unknown:0) - Traceback (most recent call last):
[CRITICAL][Stream] 13.03.2017 00:05:26 [] (unknown:0) -   File "/Applications/Slicer.app/Contents/bin/Python/slicer/ScriptedLoadableModule.py", line 146, in onReload
[CRITICAL][Stream] 13.03.2017 00:05:26 [] (unknown:0) -     slicer.util.reloadScriptedModule(self.moduleName)
[CRITICAL][Stream] 13.03.2017 00:05:26 [] (unknown:0) -   File "/Applications/Slicer.app/Contents/bin/Python/slicer/util.py", line 533, in reloadScriptedModule
[CRITICAL][Stream] 13.03.2017 00:05:26 [] (unknown:0) -     widget.setup()
[CRITICAL][Stream] 13.03.2017 00:05:26 [] (unknown:0) -   File "/Users/Mareena/Documents/texture_based_segmentation/textureBasedSegmentation/textureBasedSegmentation.py", line 172, in setup
[CRITICAL][Stream] 13.03.2017 00:05:26 [] (unknown:0) -     parametersFormLayout.addRow("Texture Selection:", self.textureSelector)
[CRITICAL][Stream] 13.03.2017 00:05:26 [] (unknown:0) - AttributeError: textureBasedSegmentationWidget instance has no attribute 'textureSelector'
[CRITICAL][Stream] 13.03.2017 00:06:00 [] (unknown:0) - Traceback (most recent call last):
[CRITICAL][Stream] 13.03.2017 00:06:00 [] (unknown:0) -   File "/Applications/Slicer.app/Contents/bin/Python/slicer/ScriptedLoadableModule.py", line 146, in onReload
[CRITICAL][Stream] 13.03.2017 00:06:00 [] (unknown:0) -     slicer.util.reloadScriptedModule(self.moduleName)
[CRITICAL][Stream] 13.03.2017 00:06:00 [] (unknown:0) -   File "/Applications/Slicer.app/Contents/bin/Python/slicer/util.py", line 533, in reloadScriptedModule
[CRITICAL][Stream] 13.03.2017 00:06:00 [] (unknown:0) -     widget.setup()
[CRITICAL][Stream] 13.03.2017 00:06:00 [] (unknown:0) -   File "/Users/Mareena/Documents/texture_based_segmentation/textureBasedSegmentation/textureBasedSegmentation.py", line 172, in setup
[CRITICAL][Stream] 13.03.2017 00:06:00 [] (unknown:0) -     parametersFormLayout.addRow("Texture Selection:", self.textureSelector)
[CRITICAL][Stream] 13.03.2017 00:06:00 [] (unknown:0) - AttributeError: textureBasedSegmentationWidget instance has no attribute 'textureSelector'
[CRITICAL][Stream] 13.03.2017 00:06:34 [] (unknown:0) - Traceback (most recent call last):
[CRITICAL][Stream] 13.03.2017 00:06:34 [] (unknown:0) -   File "/Applications/Slicer.app/Contents/bin/Python/slicer/ScriptedLoadableModule.py", line 146, in onReload
[CRITICAL][Stream] 13.03.2017 00:06:34 [] (unknown:0) -     slicer.util.reloadScriptedModule(self.moduleName)
[CRITICAL][Stream] 13.03.2017 00:06:34 [] (unknown:0) -   File "/Applications/Slicer.app/Contents/bin/Python/slicer/util.py", line 533, in reloadScriptedModule
[CRITICAL][Stream] 13.03.2017 00:06:34 [] (unknown:0) -     widget.setup()
[CRITICAL][Stream] 13.03.2017 00:06:34 [] (unknown:0) -   File "/Users/Mareena/Documents/texture_based_segmentation/textureBasedSegmentation/textureBasedSegmentation.py", line 172, in setup
[CRITICAL][Stream] 13.03.2017 00:06:34 [] (unknown:0) -     parametersFormLayout.addRow("Texture Selection:", self.textureSelector)
[CRITICAL][Stream] 13.03.2017 00:06:34 [] (unknown:0) - AttributeError: textureBasedSegmentationWidget instance has no attribute 'textureSelector'
[CRITICAL][FD] 13.03.2017 00:22:39 [] (unknown:0) - 2017-03-13 00:22:39.688 Slicer[22489:1242779] modalSession has been exited prematurely - check for a reentrant call to endModalSession:
[DEBUG][Qt] 13.03.2017 00:22:39 [] (unknown:0) - Switch to module:  ""
